# JRE version: OpenJDK Runtime Environment (8.0_265-b01) (build 1.8.0_265-8u265-b01-0ubuntu2~18.04-b01)
# Java VM: OpenJDK 64-Bit Server VM (25.265-b01 mixed mode linux-amd64 compressed oops)
Heap:
 def new generation   total 629120K, used 472085K [0x0000000080000000, 0x00000000aaaa0000, 0x00000000aaaa0000)
  eden space 559232K,  83% used [0x0000000080000000, 0x000000009c62bbf8, 0x00000000a2220000)
  from space 69888K,  10% used [0x00000000a6660000, 0x00000000a6d39840, 0x00000000aaaa0000)
  to   space 69888K,   0% used [0x00000000a2220000, 0x00000000a2220000, 0x00000000a6660000)
 tenured generation   total 1398144K, used 758259K [0x00000000aaaa0000, 0x0000000100000000, 0x0000000100000000)
   the space 1398144K,  54% used [0x00000000aaaa0000, 0x00000000d8f1ceb0, 0x00000000d8f1d000, 0x0000000100000000)
 Metaspace       used 104293K, capacity 108298K, committed 108672K, reserved 1140736K
  class space    used 15677K, capacity 16645K, committed 16768K, reserved 1048576K
GC Heap History (10 events):
Event: 2429.590 GC heap before
{Heap before GC invocations=148 (full 4):
 def new generation   total 629120K, used 559538K [0x0000000080000000, 0x00000000aaaa0000, 0x00000000aaaa0000)
  eden space 559232K,  98% used [0x0000000080000000, 0x00000000a1a6f360, 0x00000000a2220000)
  from space 69888K,  11% used [0x00000000a2220000, 0x00000000a2a1d628, 0x00000000a6660000)
  to   space 69888K,   0% used [0x00000000a6660000, 0x00000000a6660000, 0x00000000aaaa0000)
 tenured generation   total 1398144K, used 755745K [0x00000000aaaa0000, 0x0000000100000000, 0x0000000100000000)
   the space 1398144K,  54% used [0x00000000aaaa0000, 0x00000000d8ca86e0, 0x00000000d8ca8800, 0x0000000100000000)
 Metaspace       used 104030K, capacity 108026K, committed 108288K, reserved 1140736K
  class space    used 15647K, capacity 16603K, committed 16640K, reserved 1048576K
Event: 2430.137 GC heap after
Heap after GC invocations=149 (full 4):
 def new generation   total 629120K, used 17537K [0x0000000080000000, 0x00000000aaaa0000, 0x00000000aaaa0000)
  eden space 559232K,   0% used [0x0000000080000000, 0x0000000080000000, 0x00000000a2220000)
  from space 69888K,  25% used [0x00000000a6660000, 0x00000000a77807b0, 0x00000000aaaa0000)
  to   space 69888K,   0% used [0x00000000a2220000, 0x00000000a2220000, 0x00000000a6660000)
 tenured generation   total 1398144K, used 757254K [0x00000000aaaa0000, 0x0000000100000000, 0x0000000100000000)
   the space 1398144K,  54% used [0x00000000aaaa0000, 0x00000000d8e21b28, 0x00000000d8e21c00, 0x0000000100000000)
 Metaspace       used 104030K, capacity 108026K, committed 108288K, reserved 1140736K
  class space    used 15647K, capacity 16603K, committed 16640K, reserved 1048576K
}
Event: 2467.510 GC heap before
{Heap before GC invocations=149 (full 4):
 def new generation   total 629120K, used 576769K [0x0000000080000000, 0x00000000aaaa0000, 0x00000000aaaa0000)
  eden space 559232K, 100% used [0x0000000080000000, 0x00000000a2220000, 0x00000000a2220000)
  from space 69888K,  25% used [0x00000000a6660000, 0x00000000a77807b0, 0x00000000aaaa0000)
  to   space 69888K,   0% used [0x00000000a2220000, 0x00000000a2220000, 0x00000000a6660000)
 tenured generation   total 1398144K, used 757254K [0x00000000aaaa0000, 0x0000000100000000, 0x0000000100000000)
   the space 1398144K,  54% used [0x00000000aaaa0000, 0x00000000d8e21b28, 0x00000000d8e21c00, 0x0000000100000000)
 Metaspace       used 104055K, capacity 108026K, committed 108288K, reserved 1140736K
  class space    used 15647K, capacity 16603K, committed 16640K, reserved 1048576K
Event: 2468.339 GC heap after
Heap after GC invocations=150 (full 4):
 def new generation   total 629120K, used 6658K [0x0000000080000000, 0x00000000aaaa0000, 0x00000000aaaa0000)
  eden space 559232K,   0% used [0x0000000080000000, 0x0000000080000000, 0x00000000a2220000)
  from space 69888K,   9% used [0x00000000a2220000, 0x00000000a28a0a48, 0x00000000a6660000)
  to   space 69888K,   0% used [0x00000000a6660000, 0x00000000a6660000, 0x00000000aaaa0000)
 tenured generation   total 1398144K, used 757689K [0x00000000aaaa0000, 0x0000000100000000, 0x0000000100000000)
   the space 1398144K,  54% used [0x00000000aaaa0000, 0x00000000d8e8e6e8, 0x00000000d8e8e800, 0x0000000100000000)
 Metaspace       used 104055K, capacity 108026K, committed 108288K, reserved 1140736K
  class space    used 15647K, capacity 16603K, committed 16640K, reserved 1048576K
}
Event: 2502.541 GC heap before
{Heap before GC invocations=150 (full 4):
 def new generation   total 629120K, used 565890K [0x0000000080000000, 0x00000000aaaa0000, 0x00000000aaaa0000)
  eden space 559232K, 100% used [0x0000000080000000, 0x00000000a2220000, 0x00000000a2220000)
  from space 69888K,   9% used [0x00000000a2220000, 0x00000000a28a0a48, 0x00000000a6660000)
  to   space 69888K,   0% used [0x00000000a6660000, 0x00000000a6660000, 0x00000000aaaa0000)
 tenured generation   total 1398144K, used 757689K [0x00000000aaaa0000, 0x0000000100000000, 0x0000000100000000)
   the space 1398144K,  54% used [0x00000000aaaa0000, 0x00000000d8e8e6e8, 0x00000000d8e8e800, 0x0000000100000000)
 Metaspace       used 104078K, capacity 108028K, committed 108288K, reserved 1140736K
  class space    used 15648K, capacity 16604K, committed 16640K, reserved 1048576K
Event: 2502.689 GC heap after
Heap after GC invocations=151 (full 4):
 def new generation   total 629120K, used 6851K [0x0000000080000000, 0x00000000aaaa0000, 0x00000000aaaa0000)
  eden space 559232K,   0% used [0x0000000080000000, 0x0000000080000000, 0x00000000a2220000)
  from space 69888K,   9% used [0x00000000a6660000, 0x00000000a6d10d40, 0x00000000aaaa0000)
  to   space 69888K,   0% used [0x00000000a2220000, 0x00000000a2220000, 0x00000000a6660000)
 tenured generation   total 1398144K, used 757841K [0x00000000aaaa0000, 0x0000000100000000, 0x0000000100000000)
   the space 1398144K,  54% used [0x00000000aaaa0000, 0x00000000d8eb47e0, 0x00000000d8eb4800, 0x0000000100000000)
 Metaspace       used 104078K, capacity 108028K, committed 108288K, reserved 1140736K
  class space    used 15648K, capacity 16604K, committed 16640K, reserved 1048576K
}
Event: 2567.858 GC heap before
{Heap before GC invocations=151 (full 4):
 def new generation   total 629120K, used 566083K [0x0000000080000000, 0x00000000aaaa0000, 0x00000000aaaa0000)
  eden space 559232K, 100% used [0x0000000080000000, 0x00000000a2220000, 0x00000000a2220000)
  from space 69888K,   9% used [0x00000000a6660000, 0x00000000a6d10d40, 0x00000000aaaa0000)
  to   space 69888K,   0% used [0x00000000a2220000, 0x00000000a2220000, 0x00000000a6660000)
 tenured generation   total 1398144K, used 757841K [0x00000000aaaa0000, 0x0000000100000000, 0x0000000100000000)
   the space 1398144K,  54% used [0x00000000aaaa0000, 0x00000000d8eb47e0, 0x00000000d8eb4800, 0x0000000100000000)
 Metaspace       used 104097K, capacity 108108K, committed 108288K, reserved 1140736K
  class space    used 15650K, capacity 16606K, committed 16640K, reserved 1048576K
Event: 2569.237 GC heap after
Heap after GC invocations=152 (full 4):
 def new generation   total 629120K, used 7542K [0x0000000080000000, 0x00000000aaaa0000, 0x00000000aaaa0000)
  eden space 559232K,   0% used [0x0000000080000000, 0x0000000080000000, 0x00000000a2220000)
  from space 69888K,  10% used [0x00000000a2220000, 0x00000000a297daa0, 0x00000000a6660000)
  to   space 69888K,   0% used [0x00000000a6660000, 0x00000000a6660000, 0x00000000aaaa0000)
 tenured generation   total 1398144K, used 757927K [0x00000000aaaa0000, 0x0000000100000000, 0x0000000100000000)
   the space 1398144K,  54% used [0x00000000aaaa0000, 0x00000000d8ec9e80, 0x00000000d8eca000, 0x0000000100000000)
 Metaspace       used 104097K, capacity 108108K, committed 108288K, reserved 1140736K
  class space    used 15650K, capacity 16606K, committed 16640K, reserved 1048576K
}
Event: 2615.068 GC heap before
{Heap before GC invocations=152 (full 4):
 def new generation   total 629120K, used 566774K [0x0000000080000000, 0x00000000aaaa0000, 0x00000000aaaa0000)
  eden space 559232K, 100% used [0x0000000080000000, 0x00000000a2220000, 0x00000000a2220000)
  from space 69888K,  10% used [0x00000000a2220000, 0x00000000a297daa0, 0x00000000a6660000)
  to   space 69888K,   0% used [0x00000000a6660000, 0x00000000a6660000, 0x00000000aaaa0000)
 tenured generation   total 1398144K, used 757927K [0x00000000aaaa0000, 0x0000000100000000, 0x0000000100000000)
   the space 1398144K,  54% used [0x00000000aaaa0000, 0x00000000d8ec9e80, 0x00000000d8eca000, 0x0000000100000000)
 Metaspace       used 104102K, capacity 108114K, committed 108288K, reserved 1140736K
  class space    used 15650K, capacity 16607K, committed 16640K, reserved 1048576K
Event: 2616.061 GC heap after
Heap after GC invocations=153 (full 4):
 def new generation   total 629120K, used 7014K [0x0000000080000000, 0x00000000aaaa0000, 0x00000000aaaa0000)
  eden space 559232K,   0% used [0x0000000080000000, 0x0000000080000000, 0x00000000a2220000)
  from space 69888K,  10% used [0x00000000a6660000, 0x00000000a6d39840, 0x00000000aaaa0000)
  to   space 69888K,   0% used [0x00000000a2220000, 0x00000000a2220000, 0x00000000a6660000)
 tenured generation   total 1398144K, used 758259K [0x00000000aaaa0000, 0x0000000100000000, 0x0000000100000000)
   the space 1398144K,  54% used [0x00000000aaaa0000, 0x00000000d8f1ceb0, 0x00000000d8f1d000, 0x0000000100000000)
 Metaspace       used 104102K, capacity 108114K, committed 108288K, reserved 1140736K
  class space    used 15650K, capacity 16607K, committed 16640K, reserved 1048576K
}

