# JRE version: OpenJDK Runtime Environment (8.0_265-b01) (build 1.8.0_265-8u265-b01-0ubuntu2~18.04-b01)
# Java VM: OpenJDK 64-Bit Server VM (25.265-b01 mixed mode linux-amd64 compressed oops)
Heap:
 def new generation   total 629120K, used 380265K [0x0000000080000000, 0x00000000aaaa0000, 0x00000000aaaa0000)
  eden space 559232K,  63% used [0x0000000080000000, 0x0000000095d09f38, 0x00000000a2220000)
  from space 69888K,  32% used [0x00000000a2220000, 0x00000000a3870570, 0x00000000a6660000)
  to   space 69888K,   0% used [0x00000000a6660000, 0x00000000a6660000, 0x00000000aaaa0000)
 tenured generation   total 1398144K, used 721593K [0x00000000aaaa0000, 0x0000000100000000, 0x0000000100000000)
   the space 1398144K,  51% used [0x00000000aaaa0000, 0x00000000d6b4e6d0, 0x00000000d6b4e800, 0x0000000100000000)
 Metaspace       used 120657K, capacity 124862K, committed 124992K, reserved 1155072K
  class space    used 18113K, capacity 19197K, committed 19264K, reserved 1048576K
GC Heap History (10 events):
Event: 167848.395 GC heap before
{Heap before GC invocations=971 (full 4):
 def new generation   total 629120K, used 581023K [0x0000000080000000, 0x00000000aaaa0000, 0x00000000aaaa0000)
  eden space 559232K, 100% used [0x0000000080000000, 0x00000000a2220000, 0x00000000a2220000)
  from space 69888K,  31% used [0x00000000a6660000, 0x00000000a7ba7f70, 0x00000000aaaa0000)
  to   space 69888K,   0% used [0x00000000a2220000, 0x00000000a2220000, 0x00000000a6660000)
 tenured generation   total 1398144K, used 721593K [0x00000000aaaa0000, 0x0000000100000000, 0x0000000100000000)
   the space 1398144K,  51% used [0x00000000aaaa0000, 0x00000000d6b4e6d0, 0x00000000d6b4e800, 0x0000000100000000)
 Metaspace       used 120611K, capacity 124734K, committed 124992K, reserved 1155072K
  class space    used 18108K, capacity 19197K, committed 19264K, reserved 1048576K
Event: 167848.424 GC heap after
Heap after GC invocations=972 (full 4):
 def new generation   total 629120K, used 21382K [0x0000000080000000, 0x00000000aaaa0000, 0x00000000aaaa0000)
  eden space 559232K,   0% used [0x0000000080000000, 0x0000000080000000, 0x00000000a2220000)
  from space 69888K,  30% used [0x00000000a2220000, 0x00000000a3701868, 0x00000000a6660000)
  to   space 69888K,   0% used [0x00000000a6660000, 0x00000000a6660000, 0x00000000aaaa0000)
 tenured generation   total 1398144K, used 721593K [0x00000000aaaa0000, 0x0000000100000000, 0x0000000100000000)
   the space 1398144K,  51% used [0x00000000aaaa0000, 0x00000000d6b4e6d0, 0x00000000d6b4e800, 0x0000000100000000)
 Metaspace       used 120611K, capacity 124734K, committed 124992K, reserved 1155072K
  class space    used 18108K, capacity 19197K, committed 19264K, reserved 1048576K
}
Event: 167873.746 GC heap before
{Heap before GC invocations=972 (full 4):
 def new generation   total 629120K, used 580614K [0x0000000080000000, 0x00000000aaaa0000, 0x00000000aaaa0000)
  eden space 559232K, 100% used [0x0000000080000000, 0x00000000a2220000, 0x00000000a2220000)
  from space 69888K,  30% used [0x00000000a2220000, 0x00000000a3701868, 0x00000000a6660000)
  to   space 69888K,   0% used [0x00000000a6660000, 0x00000000a6660000, 0x00000000aaaa0000)
 tenured generation   total 1398144K, used 721593K [0x00000000aaaa0000, 0x0000000100000000, 0x0000000100000000)
   the space 1398144K,  51% used [0x00000000aaaa0000, 0x00000000d6b4e6d0, 0x00000000d6b4e800, 0x0000000100000000)
 Metaspace       used 120611K, capacity 124734K, committed 124992K, reserved 1155072K
  class space    used 18108K, capacity 19197K, committed 19264K, reserved 1048576K
Event: 167873.773 GC heap after
Heap after GC invocations=973 (full 4):
 def new generation   total 629120K, used 21652K [0x0000000080000000, 0x00000000aaaa0000, 0x00000000aaaa0000)
  eden space 559232K,   0% used [0x0000000080000000, 0x0000000080000000, 0x00000000a2220000)
  from space 69888K,  30% used [0x00000000a6660000, 0x00000000a7b850a8, 0x00000000aaaa0000)
  to   space 69888K,   0% used [0x00000000a2220000, 0x00000000a2220000, 0x00000000a6660000)
 tenured generation   total 1398144K, used 721593K [0x00000000aaaa0000, 0x0000000100000000, 0x0000000100000000)
   the space 1398144K,  51% used [0x00000000aaaa0000, 0x00000000d6b4e6d0, 0x00000000d6b4e800, 0x0000000100000000)
 Metaspace       used 120611K, capacity 124734K, committed 124992K, reserved 1155072K
  class space    used 18108K, capacity 19197K, committed 19264K, reserved 1048576K
}
Event: 167909.996 GC heap before
{Heap before GC invocations=973 (full 4):
 def new generation   total 629120K, used 580884K [0x0000000080000000, 0x00000000aaaa0000, 0x00000000aaaa0000)
  eden space 559232K, 100% used [0x0000000080000000, 0x00000000a2220000, 0x00000000a2220000)
  from space 69888K,  30% used [0x00000000a6660000, 0x00000000a7b850a8, 0x00000000aaaa0000)
  to   space 69888K,   0% used [0x00000000a2220000, 0x00000000a2220000, 0x00000000a6660000)
 tenured generation   total 1398144K, used 721593K [0x00000000aaaa0000, 0x0000000100000000, 0x0000000100000000)
   the space 1398144K,  51% used [0x00000000aaaa0000, 0x00000000d6b4e6d0, 0x00000000d6b4e800, 0x0000000100000000)
 Metaspace       used 120611K, capacity 124734K, committed 124992K, reserved 1155072K
  class space    used 18108K, capacity 19197K, committed 19264K, reserved 1048576K
Event: 167910.024 GC heap after
Heap after GC invocations=974 (full 4):
 def new generation   total 629120K, used 20745K [0x0000000080000000, 0x00000000aaaa0000, 0x00000000aaaa0000)
  eden space 559232K,   0% used [0x0000000080000000, 0x0000000080000000, 0x00000000a2220000)
  from space 69888K,  29% used [0x00000000a2220000, 0x00000000a3662528, 0x00000000a6660000)
  to   space 69888K,   0% used [0x00000000a6660000, 0x00000000a6660000, 0x00000000aaaa0000)
 tenured generation   total 1398144K, used 721593K [0x00000000aaaa0000, 0x0000000100000000, 0x0000000100000000)
   the space 1398144K,  51% used [0x00000000aaaa0000, 0x00000000d6b4e6d0, 0x00000000d6b4e800, 0x0000000100000000)
 Metaspace       used 120611K, capacity 124734K, committed 124992K, reserved 1155072K
  class space    used 18108K, capacity 19197K, committed 19264K, reserved 1048576K
}
Event: 167957.649 GC heap before
{Heap before GC invocations=974 (full 4):
 def new generation   total 629120K, used 579977K [0x0000000080000000, 0x00000000aaaa0000, 0x00000000aaaa0000)
  eden space 559232K, 100% used [0x0000000080000000, 0x00000000a2220000, 0x00000000a2220000)
  from space 69888K,  29% used [0x00000000a2220000, 0x00000000a3662528, 0x00000000a6660000)
  to   space 69888K,   0% used [0x00000000a6660000, 0x00000000a6660000, 0x00000000aaaa0000)
 tenured generation   total 1398144K, used 721593K [0x00000000aaaa0000, 0x0000000100000000, 0x0000000100000000)
   the space 1398144K,  51% used [0x00000000aaaa0000, 0x00000000d6b4e6d0, 0x00000000d6b4e800, 0x0000000100000000)
 Metaspace       used 120640K, capacity 124798K, committed 124992K, reserved 1155072K
  class space    used 18112K, capacity 19197K, committed 19264K, reserved 1048576K
Event: 167957.677 GC heap after
Heap after GC invocations=975 (full 4):
 def new generation   total 629120K, used 21799K [0x0000000080000000, 0x00000000aaaa0000, 0x00000000aaaa0000)
  eden space 559232K,   0% used [0x0000000080000000, 0x0000000080000000, 0x00000000a2220000)
  from space 69888K,  31% used [0x00000000a6660000, 0x00000000a7ba9e10, 0x00000000aaaa0000)
  to   space 69888K,   0% used [0x00000000a2220000, 0x00000000a2220000, 0x00000000a6660000)
 tenured generation   total 1398144K, used 721593K [0x00000000aaaa0000, 0x0000000100000000, 0x0000000100000000)
   the space 1398144K,  51% used [0x00000000aaaa0000, 0x00000000d6b4e6d0, 0x00000000d6b4e800, 0x0000000100000000)
 Metaspace       used 120640K, capacity 124798K, committed 124992K, reserved 1155072K
  class space    used 18112K, capacity 19197K, committed 19264K, reserved 1048576K
}
Event: 167997.855 GC heap before
{Heap before GC invocations=975 (full 4):
 def new generation   total 629120K, used 581031K [0x0000000080000000, 0x00000000aaaa0000, 0x00000000aaaa0000)
  eden space 559232K, 100% used [0x0000000080000000, 0x00000000a2220000, 0x00000000a2220000)
  from space 69888K,  31% used [0x00000000a6660000, 0x00000000a7ba9e10, 0x00000000aaaa0000)
  to   space 69888K,   0% used [0x00000000a2220000, 0x00000000a2220000, 0x00000000a6660000)
 tenured generation   total 1398144K, used 721593K [0x00000000aaaa0000, 0x0000000100000000, 0x0000000100000000)
   the space 1398144K,  51% used [0x00000000aaaa0000, 0x00000000d6b4e6d0, 0x00000000d6b4e800, 0x0000000100000000)
 Metaspace       used 120652K, capacity 124862K, committed 124992K, reserved 1155072K
  class space    used 18112K, capacity 19197K, committed 19264K, reserved 1048576K
Event: 168002.454 GC heap after
Heap after GC invocations=976 (full 4):
 def new generation   total 629120K, used 22849K [0x0000000080000000, 0x00000000aaaa0000, 0x00000000aaaa0000)
  eden space 559232K,   0% used [0x0000000080000000, 0x0000000080000000, 0x00000000a2220000)
  from space 69888K,  32% used [0x00000000a2220000, 0x00000000a3870570, 0x00000000a6660000)
  to   space 69888K,   0% used [0x00000000a6660000, 0x00000000a6660000, 0x00000000aaaa0000)
 tenured generation   total 1398144K, used 721593K [0x00000000aaaa0000, 0x0000000100000000, 0x0000000100000000)
   the space 1398144K,  51% used [0x00000000aaaa0000, 0x00000000d6b4e6d0, 0x00000000d6b4e800, 0x0000000100000000)
 Metaspace       used 120652K, capacity 124862K, committed 124992K, reserved 1155072K
  class space    used 18112K, capacity 19197K, committed 19264K, reserved 1048576K
}

