# JRE version: OpenJDK Runtime Environment (8.0_265-b01) (build 1.8.0_265-8u265-b01-0ubuntu2~18.04-b01)
# Java VM: OpenJDK 64-Bit Server VM (25.265-b01 mixed mode linux-amd64 compressed oops)
Heap:
 def new generation   total 629120K, used 267162K [0x0000000080000000, 0x00000000aaaa0000, 0x00000000aaaa0000)
  eden space 559232K,  44% used [0x0000000080000000, 0x000000008f523528, 0x00000000a2220000)
  from space 69888K,  23% used [0x00000000a6660000, 0x00000000a763b820, 0x00000000aaaa0000)
  to   space 69888K,   0% used [0x00000000a2220000, 0x00000000a2220000, 0x00000000a6660000)
 tenured generation   total 1398144K, used 747070K [0x00000000aaaa0000, 0x0000000100000000, 0x0000000100000000)
   the space 1398144K,  53% used [0x00000000aaaa0000, 0x00000000d842f948, 0x00000000d842fa00, 0x0000000100000000)
 Metaspace       used 121410K, capacity 125794K, committed 125888K, reserved 1157120K
  class space    used 18200K, capacity 19339K, committed 19432K, reserved 1048576K
GC Heap History (10 events):
Event: 26994.093 GC heap before
{Heap before GC invocations=650 (full 4):
 def new generation   total 629120K, used 566508K [0x0000000080000000, 0x00000000aaaa0000, 0x00000000aaaa0000)
  eden space 559232K, 100% used [0x0000000080000000, 0x00000000a2220000, 0x00000000a2220000)
  from space 69888K,  10% used [0x00000000a2220000, 0x00000000a293b078, 0x00000000a6660000)
  to   space 69888K,   0% used [0x00000000a6660000, 0x00000000a6660000, 0x00000000aaaa0000)
 tenured generation   total 1398144K, used 745499K [0x00000000aaaa0000, 0x0000000100000000, 0x0000000100000000)
   the space 1398144K,  53% used [0x00000000aaaa0000, 0x00000000d82a6fb8, 0x00000000d82a7000, 0x0000000100000000)
 Metaspace       used 121357K, capacity 125746K, committed 125888K, reserved 1155072K
  class space    used 18192K, capacity 19329K, committed 19432K, reserved 1048576K
Event: 26994.883 GC heap after
Heap after GC invocations=651 (full 4):
 def new generation   total 629120K, used 7972K [0x0000000080000000, 0x00000000aaaa0000, 0x00000000aaaa0000)
  eden space 559232K,   0% used [0x0000000080000000, 0x0000000080000000, 0x00000000a2220000)
  from space 69888K,  11% used [0x00000000a6660000, 0x00000000a6e29098, 0x00000000aaaa0000)
  to   space 69888K,   0% used [0x00000000a2220000, 0x00000000a2220000, 0x00000000a6660000)
 tenured generation   total 1398144K, used 745539K [0x00000000aaaa0000, 0x0000000100000000, 0x0000000100000000)
   the space 1398144K,  53% used [0x00000000aaaa0000, 0x00000000d82b0f68, 0x00000000d82b1000, 0x0000000100000000)
 Metaspace       used 121357K, capacity 125746K, committed 125888K, reserved 1155072K
  class space    used 18192K, capacity 19329K, committed 19432K, reserved 1048576K
}
Event: 27034.785 GC heap before
{Heap before GC invocations=651 (full 4):
 def new generation   total 629120K, used 567204K [0x0000000080000000, 0x00000000aaaa0000, 0x00000000aaaa0000)
  eden space 559232K, 100% used [0x0000000080000000, 0x00000000a2220000, 0x00000000a2220000)
  from space 69888K,  11% used [0x00000000a6660000, 0x00000000a6e29098, 0x00000000aaaa0000)
  to   space 69888K,   0% used [0x00000000a2220000, 0x00000000a2220000, 0x00000000a6660000)
 tenured generation   total 1398144K, used 745539K [0x00000000aaaa0000, 0x0000000100000000, 0x0000000100000000)
   the space 1398144K,  53% used [0x00000000aaaa0000, 0x00000000d82b0f68, 0x00000000d82b1000, 0x0000000100000000)
 Metaspace       used 121358K, capacity 125746K, committed 125888K, reserved 1155072K
  class space    used 18192K, capacity 19329K, committed 19432K, reserved 1048576K
Event: 27035.406 GC heap after
Heap after GC invocations=652 (full 4):
 def new generation   total 629120K, used 9029K [0x0000000080000000, 0x00000000aaaa0000, 0x00000000aaaa0000)
  eden space 559232K,   0% used [0x0000000080000000, 0x0000000080000000, 0x00000000a2220000)
  from space 69888K,  12% used [0x00000000a2220000, 0x00000000a2af1618, 0x00000000a6660000)
  to   space 69888K,   0% used [0x00000000a6660000, 0x00000000a6660000, 0x00000000aaaa0000)
 tenured generation   total 1398144K, used 745563K [0x00000000aaaa0000, 0x0000000100000000, 0x0000000100000000)
   the space 1398144K,  53% used [0x00000000aaaa0000, 0x00000000d82b6c68, 0x00000000d82b6e00, 0x0000000100000000)
 Metaspace       used 121358K, capacity 125746K, committed 125888K, reserved 1155072K
  class space    used 18192K, capacity 19329K, committed 19432K, reserved 1048576K
}
Event: 27076.318 GC heap before
{Heap before GC invocations=652 (full 4):
 def new generation   total 629120K, used 568261K [0x0000000080000000, 0x00000000aaaa0000, 0x00000000aaaa0000)
  eden space 559232K, 100% used [0x0000000080000000, 0x00000000a2220000, 0x00000000a2220000)
  from space 69888K,  12% used [0x00000000a2220000, 0x00000000a2af1618, 0x00000000a6660000)
  to   space 69888K,   0% used [0x00000000a6660000, 0x00000000a6660000, 0x00000000aaaa0000)
 tenured generation   total 1398144K, used 745563K [0x00000000aaaa0000, 0x0000000100000000, 0x0000000100000000)
   the space 1398144K,  53% used [0x00000000aaaa0000, 0x00000000d82b6c68, 0x00000000d82b6e00, 0x0000000100000000)
 Metaspace       used 121359K, capacity 125746K, committed 125888K, reserved 1155072K
  class space    used 18192K, capacity 19329K, committed 19432K, reserved 1048576K
Event: 27078.315 GC heap after
Heap after GC invocations=653 (full 4):
 def new generation   total 629120K, used 13243K [0x0000000080000000, 0x00000000aaaa0000, 0x00000000aaaa0000)
  eden space 559232K,   0% used [0x0000000080000000, 0x0000000080000000, 0x00000000a2220000)
  from space 69888K,  18% used [0x00000000a6660000, 0x00000000a734ee88, 0x00000000aaaa0000)
  to   space 69888K,   0% used [0x00000000a2220000, 0x00000000a2220000, 0x00000000a6660000)
 tenured generation   total 1398144K, used 745588K [0x00000000aaaa0000, 0x0000000100000000, 0x0000000100000000)
   the space 1398144K,  53% used [0x00000000aaaa0000, 0x00000000d82bd208, 0x00000000d82bd400, 0x0000000100000000)
 Metaspace       used 121359K, capacity 125746K, committed 125888K, reserved 1155072K
  class space    used 18192K, capacity 19329K, committed 19432K, reserved 1048576K
}
Event: 27130.409 GC heap before
{Heap before GC invocations=653 (full 4):
 def new generation   total 629120K, used 572475K [0x0000000080000000, 0x00000000aaaa0000, 0x00000000aaaa0000)
  eden space 559232K, 100% used [0x0000000080000000, 0x00000000a2220000, 0x00000000a2220000)
  from space 69888K,  18% used [0x00000000a6660000, 0x00000000a734ee88, 0x00000000aaaa0000)
  to   space 69888K,   0% used [0x00000000a2220000, 0x00000000a2220000, 0x00000000a6660000)
 tenured generation   total 1398144K, used 745588K [0x00000000aaaa0000, 0x0000000100000000, 0x0000000100000000)
   the space 1398144K,  53% used [0x00000000aaaa0000, 0x00000000d82bd208, 0x00000000d82bd400, 0x0000000100000000)
 Metaspace       used 121359K, capacity 125746K, committed 125888K, reserved 1155072K
  class space    used 18192K, capacity 19329K, committed 19432K, reserved 1048576K
Event: 27130.606 GC heap after
Heap after GC invocations=654 (full 4):
 def new generation   total 629120K, used 7662K [0x0000000080000000, 0x00000000aaaa0000, 0x00000000aaaa0000)
  eden space 559232K,   0% used [0x0000000080000000, 0x0000000080000000, 0x00000000a2220000)
  from space 69888K,  10% used [0x00000000a2220000, 0x00000000a299b890, 0x00000000a6660000)
  to   space 69888K,   0% used [0x00000000a6660000, 0x00000000a6660000, 0x00000000aaaa0000)
 tenured generation   total 1398144K, used 745589K [0x00000000aaaa0000, 0x0000000100000000, 0x0000000100000000)
   the space 1398144K,  53% used [0x00000000aaaa0000, 0x00000000d82bd468, 0x00000000d82bd600, 0x0000000100000000)
 Metaspace       used 121359K, capacity 125746K, committed 125888K, reserved 1155072K
  class space    used 18192K, capacity 19329K, committed 19432K, reserved 1048576K
}
Event: 27215.593 GC heap before
{Heap before GC invocations=654 (full 4):
 def new generation   total 629120K, used 566894K [0x0000000080000000, 0x00000000aaaa0000, 0x00000000aaaa0000)
  eden space 559232K, 100% used [0x0000000080000000, 0x00000000a2220000, 0x00000000a2220000)
  from space 69888K,  10% used [0x00000000a2220000, 0x00000000a299b890, 0x00000000a6660000)
  to   space 69888K,   0% used [0x00000000a6660000, 0x00000000a6660000, 0x00000000aaaa0000)
 tenured generation   total 1398144K, used 745589K [0x00000000aaaa0000, 0x0000000100000000, 0x0000000100000000)
   the space 1398144K,  53% used [0x00000000aaaa0000, 0x00000000d82bd468, 0x00000000d82bd600, 0x0000000100000000)
 Metaspace       used 121380K, capacity 125776K, committed 125888K, reserved 1155072K
  class space    used 18195K, capacity 19334K, committed 19432K, reserved 1048576K
Event: 27216.313 GC heap after
Heap after GC invocations=655 (full 4):
 def new generation   total 629120K, used 16238K [0x0000000080000000, 0x00000000aaaa0000, 0x00000000aaaa0000)
  eden space 559232K,   0% used [0x0000000080000000, 0x0000000080000000, 0x00000000a2220000)
  from space 69888K,  23% used [0x00000000a6660000, 0x00000000a763b820, 0x00000000aaaa0000)
  to   space 69888K,   0% used [0x00000000a2220000, 0x00000000a2220000, 0x00000000a6660000)
 tenured generation   total 1398144K, used 747070K [0x00000000aaaa0000, 0x0000000100000000, 0x0000000100000000)
   the space 1398144K,  53% used [0x00000000aaaa0000, 0x00000000d842f948, 0x00000000d842fa00, 0x0000000100000000)
 Metaspace       used 121380K, capacity 125776K, committed 125888K, reserved 1155072K
  class space    used 18195K, capacity 19334K, committed 19432K, reserved 1048576K
}

